<?xml version="1.0" encoding="UTF-8"?>
<!-- Generated by org.testng.reporters.JUnitXMLReporter -->
<testsuite ignored="0" hostname="DESKTOP-CF1P74J" failures="1" tests="1" name="Test(failed)(failed)" time="70.048" errors="0" timestamp="2023-06-22T14:52:54 IST">
  <testcase classname="io.cucumber.testng.AbstractTestNGCucumberTests" name="runScenario" time="66.446">
    <failure type="java.lang.AssertionError" message="expected [true] but found [false]">
      <![CDATA[java.lang.AssertionError: expected [true] but found [false]
at StepDefinition.failrerunsteps.user_is_bello(failrerunsteps.java:39)
at ✽.user is bello(file:///C:/Users/Dell/eclipse-workspace1/TESTNGPROJECT/src/test/resources/Features/failrerun.feature:13)
... Removed 4 stack frames]]>
    </failure>
  </testcase> <!-- runScenario -->
</testsuite> <!-- Test(failed)(failed) -->
